{
"contracts/IXO_Token.sol":{"l":{"38":6,"45":6,"68":3,"83":4,"88":3,"89":3,"120":15,"121":15},"path":"/Users/veronicac/Desktop/projects/freelance/ixo_token/contracts/IXO_Token.sol","s":{"1":6,"2":6,"3":3,"4":4,"5":3,"6":3,"7":15,"8":15},"b":{},"f":{"1":33,"2":6,"3":6,"4":3,"5":4,"6":15},"fnMap":{"1":{"name":"constructor","line":11,"loc":{"start":{"line":11,"column":4},"end":{"line":16,"column":5}}},"2":{"name":"pause","line":37,"loc":{"start":{"line":37,"column":4},"end":{"line":37,"column":51}}},"3":{"name":"unpause","line":44,"loc":{"start":{"line":44,"column":4},"end":{"line":44,"column":50}}},"4":{"name":"burn","line":67,"loc":{"start":{"line":67,"column":4},"end":{"line":67,"column":46}}},"5":{"name":"burnFrom","line":82,"loc":{"start":{"line":82,"column":4},"end":{"line":82,"column":67}}},"6":{"name":"mint","line":115,"loc":{"start":{"line":115,"column":4},"end":{"line":119,"column":5}}}},"statementMap":{"1":{"start":{"line":38,"column":8},"end":{"line":38,"column":15}},"2":{"start":{"line":45,"column":8},"end":{"line":45,"column":17}},"3":{"start":{"line":68,"column":8},"end":{"line":68,"column":34}},"4":{"start":{"line":83,"column":8},"end":{"line":83,"column":2664}},"5":{"start":{"line":88,"column":8},"end":{"line":88,"column":58}},"6":{"start":{"line":89,"column":8},"end":{"line":89,"column":29}},"7":{"start":{"line":120,"column":8},"end":{"line":120,"column":29}},"8":{"start":{"line":121,"column":8},"end":{"line":121,"column":19}}},"branchMap":{}}}
